----- 06/23/21 23:24:23 -----
Traceback (most recent call last):
  File "gui.py", line 240, in play_as
    CLOCK.tick(CLOCK_TICK)
KeyboardInterrupt

Playing as BLACK:
	g1f3
	rnbqkbnr/pppppppp/8/8/8/8/PPPPPPPP/RNBQKBNR w KQkq - 0 1
	rnbqkbnr/pppppppp/8/8/8/5N2/PPPPPPPP/RNBQKB1R b KQkq - 1 1
-----------------------------

----- 06/24/21 08:21:29 -----
Traceback (most recent call last):
  File "gui.py", line 314, in play_as
    leaving_square = coord2str(((int(text[0]) - 1) * SQUARE_SIDE, (int(text[1]) - 1) * SQUARE_SIDE),color)
ValueError: invalid literal for int() with base 10: 'S'

Playing as BLACK:
	c2c4 g7g6 b1c3 e7e5 e2e4
	rnbqkbnr/pppppppp/8/8/8/8/PPPPPPPP/RNBQKBNR w KQkq - 0 1
	rnbqkbnr/pppppppp/8/8/2P5/8/PP1PPPPP/RNBQKBNR b KQkq c3 0 1
	rnbqkbnr/pppppp1p/6p1/8/2P5/8/PP1PPPPP/RNBQKBNR w KQkq - 0 2
	rnbqkbnr/pppppp1p/6p1/8/2P5/2N5/PP1PPPPP/R1BQKBNR b KQkq - 1 2
	rnbqkbnr/pppp1p1p/6p1/4p3/2P5/2N5/PP1PPPPP/R1BQKBNR w KQkq e6 0 3
	rnbqkbnr/pppp1p1p/6p1/4p3/2P1P3/2N5/PP1P1PPP/R1BQKBNR b KQkq e3 0 3
-----------------------------

----- 06/24/21 08:33:11 -----
Traceback (most recent call last):
  File "gui.py", line 271, in play_as
    audio_data = r.record(source, duration=5)
  File "/Library/Frameworks/Python.framework/Versions/3.7/lib/python3.7/site-packages/speech_recognition/__init__.py", line 497, in record
    buffer = source.stream.read(source.CHUNK)
  File "/Library/Frameworks/Python.framework/Versions/3.7/lib/python3.7/site-packages/speech_recognition/__init__.py", line 161, in read
    return self.pyaudio_stream.read(size, exception_on_overflow=False)
  File "/Library/Frameworks/Python.framework/Versions/3.7/lib/python3.7/site-packages/pyaudio.py", line 608, in read
    return pa.read_stream(self._stream, num_frames, exception_on_overflow)
KeyboardInterrupt

Playing as BLACK:
	d2d4
	rnbqkbnr/pppppppp/8/8/8/8/PPPPPPPP/RNBQKBNR w KQkq - 0 1
	rnbqkbnr/pppppppp/8/8/3P4/8/PPP1PPPP/RNBQKBNR b KQkq d3 0 1
-----------------------------

----- 06/24/21 08:46:42 -----
Traceback (most recent call last):
  File "gui.py", line 273, in play_as
    text = r.recognize_google(audio_data)
  File "/Library/Frameworks/Python.framework/Versions/3.7/lib/python3.7/site-packages/speech_recognition/__init__.py", line 858, in recognize_google
    if not isinstance(actual_result, dict) or len(actual_result.get("alternative", [])) == 0: raise UnknownValueError()
speech_recognition.UnknownValueError

During handling of the above exception, another exception occurred:

Traceback (most recent call last):
  File "gui.py", line 280, in play_as
    playsound("Output.mp3")
  File "/Library/Frameworks/Python.framework/Versions/3.7/lib/python3.7/site-packages/playsound.py", line 71, in _playsoundOSX
    sleep(nssound.duration())
KeyboardInterrupt

Playing as WHITE:
	
	rnbqkbnr/pppppppp/8/8/8/8/PPPPPPPP/RNBQKBNR w KQkq - 0 1
-----------------------------

----- 06/24/21 08:47:41 -----
Traceback (most recent call last):
  File "gui.py", line 271, in play_as
    audio_data = r.record(source, duration=5)
  File "/Library/Frameworks/Python.framework/Versions/3.7/lib/python3.7/site-packages/speech_recognition/__init__.py", line 497, in record
    buffer = source.stream.read(source.CHUNK)
  File "/Library/Frameworks/Python.framework/Versions/3.7/lib/python3.7/site-packages/speech_recognition/__init__.py", line 161, in read
    return self.pyaudio_stream.read(size, exception_on_overflow=False)
  File "/Library/Frameworks/Python.framework/Versions/3.7/lib/python3.7/site-packages/pyaudio.py", line 608, in read
    return pa.read_stream(self._stream, num_frames, exception_on_overflow)
KeyboardInterrupt

Playing as BLACK:
	g1f3
	rnbqkbnr/pppppppp/8/8/8/8/PPPPPPPP/RNBQKBNR w KQkq - 0 1
	rnbqkbnr/pppppppp/8/8/8/5N2/PPPPPPPP/RNBQKB1R b KQkq - 1 1
-----------------------------

----- 06/24/21 08:53:49 -----
Traceback (most recent call last):
  File "gui.py", line 240, in play_as
    CLOCK.tick(CLOCK_TICK)
KeyboardInterrupt

Playing as BLACK:
	e2e4 g7g5 d2d4 e7e6 b1c3 h7h6 g1f3
	rnbqkbnr/pppppppp/8/8/8/8/PPPPPPPP/RNBQKBNR w KQkq - 0 1
	rnbqkbnr/pppppppp/8/8/4P3/8/PPPP1PPP/RNBQKBNR b KQkq e3 0 1
	rnbqkbnr/pppppp1p/8/6p1/4P3/8/PPPP1PPP/RNBQKBNR w KQkq g6 0 2
	rnbqkbnr/pppppp1p/8/6p1/3PP3/8/PPP2PPP/RNBQKBNR b KQkq d3 0 2
	rnbqkbnr/pppp1p1p/4p3/6p1/3PP3/8/PPP2PPP/RNBQKBNR w KQkq - 0 3
	rnbqkbnr/pppp1p1p/4p3/6p1/3PP3/2N5/PPP2PPP/R1BQKBNR b KQkq - 1 3
	rnbqkbnr/pppp1p2/4p2p/6p1/3PP3/2N5/PPP2PPP/R1BQKBNR w KQkq - 0 4
	rnbqkbnr/pppp1p2/4p2p/6p1/3PP3/2N2N2/PPP2PPP/R1BQKB1R b KQkq - 1 4
-----------------------------

